2025-12-18 11:42:34 [INFO] ================================================================================
2025-12-18 11:42:34 [INFO] STARTING IMPEDANCE CALCULATION
2025-12-18 11:42:34 [INFO] ================================================================================
2025-12-18 11:42:34 [INFO] ------------------------------------------------------------
2025-12-18 11:42:34 [INFO] Configuration
2025-12-18 11:42:34 [INFO] ------------------------------------------------------------
2025-12-18 11:42:34 [INFO] Chamber radius: 50 mm
2025-12-18 11:42:34 [INFO] Number of layers: 3
2025-12-18 11:42:34 [INFO] Frequency range: 1e3 - 1e9 Hz
2025-12-18 11:42:34 [INFO] ------------------------------------------------------------
2025-12-18 11:42:34 [INFO] Computation
2025-12-18 11:42:34 [INFO] ------------------------------------------------------------
2025-12-18 11:42:34 [INFO] Computing longitudinal impedance...
2025-12-18 11:42:34 [INFO] Computing transverse impedance...
2025-12-18 11:42:34 [INFO] ------------------------------------------------------------
2025-12-18 11:42:34 [INFO] Results
2025-12-18 11:42:34 [INFO] ------------------------------------------------------------
2025-12-18 11:42:34 [INFO] Maximum ZLong: 1.23e-3 Ohm
2025-12-18 11:42:34 [INFO] Maximum ZTrans: 4.56e-2 Ohm/m
2025-12-18 11:42:34 [INFO] ================================================================================
2025-12-18 11:42:34 [INFO] CALCULATION COMPLETED SUCCESSFULLY
2025-12-18 11:42:34 [INFO] ================================================================================
