2025-12-14 18:40:09,394 - pytlwall_interface - INFO - setup_interface_logging:177 - Log file: /home/tatij/CERN/pytlwall/pytlwall-master/pytlwall_gui/log/pytlwall_gui_20251214_184009.log
2025-12-14 18:40:09,394 - pytlwall_interface - INFO - setup_interface_logging:179 - pytlwall_interface logging initialized
2025-12-14 18:41:04,644 - pytlwall_interface - INFO - _calculate_impedances_for_current_chamber:1334 - Starting impedance calculation for current chamber
2025-12-14 18:41:04,644 - pytlwall_interface - DEBUG - _calculate_impedances_for_current_chamber:1340 - Chamber: Chamber 1, component: Chamber 1
2025-12-14 18:41:04,644 - pytlwall_interface - DEBUG - _calculate_impedances_for_current_chamber:1346 - Selected impedances: ['ZLong', 'ZTrans', 'ZDipX', 'ZDipY', 'ZQuadX', 'ZQuadY', 'ZLongDSC', 'ZLongISC', 'ZTransDSC', 'ZTransISC', 'ZDipDSC', 'ZDipISC']
2025-12-14 18:41:04,644 - pytlwall_interface - DEBUG - _calculate_impedances_for_current_chamber:1360 - Frequency config: mode=range
2025-12-14 18:41:04,645 - pytlwall_interface - DEBUG - _calculate_impedances_for_current_chamber:1368 - Frequency range: 0.0 - 12.0 Hz, step=2.0
2025-12-14 18:41:04,645 - pytlwall_interface - DEBUG - _calculate_impedances_for_current_chamber:1383 - Beam: gamma=10000.0, test_beam_shift=0.01
2025-12-14 18:41:04,645 - pytlwall_interface - DEBUG - _calculate_impedances_for_current_chamber:1391 - Chamber: shape=CIRCULAR, radius=0.0184m, length=1.0m
2025-12-14 18:41:04,645 - pytlwall_interface - DEBUG - _calculate_impedances_for_current_chamber:1415 - Layer 0: type=CW, thick=0.001m, sigmaDC=1670000.0
2025-12-14 18:41:04,645 - pytlwall_interface - DEBUG - _calculate_impedances_for_current_chamber:1435 - Boundary layer: type=V, sigmaDC=1000000000.0
2025-12-14 18:41:04,645 - pytlwall_interface - DEBUG - _calculate_impedances_for_current_chamber:1442 - Beta functions: betax=1.0, betay=1.0
2025-12-14 18:41:04,645 - pytlwall_interface - INFO - _calculate_impedances_for_current_chamber:1445 - Creating TlWall and calculating impedances...
2025-12-14 18:41:04,645 - pytlwall_interface - DEBUG - _calculate_impedances_for_current_chamber:1467 - get_impedance failed for ZLong: 'TlWall' object has no attribute 'get_impedance'
2025-12-14 18:41:04,645 - pytlwall_interface - DEBUG - _calculate_impedances_for_current_chamber:1467 - get_impedance failed for ZTrans: 'TlWall' object has no attribute 'get_impedance'
2025-12-14 18:41:04,645 - pytlwall_interface - DEBUG - _calculate_impedances_for_current_chamber:1467 - get_impedance failed for ZDipX: 'TlWall' object has no attribute 'get_impedance'
2025-12-14 18:41:04,645 - pytlwall_interface - DEBUG - _calculate_impedances_for_current_chamber:1467 - get_impedance failed for ZDipY: 'TlWall' object has no attribute 'get_impedance'
2025-12-14 18:41:04,645 - pytlwall_interface - DEBUG - _calculate_impedances_for_current_chamber:1467 - get_impedance failed for ZQuadX: 'TlWall' object has no attribute 'get_impedance'
2025-12-14 18:41:04,645 - pytlwall_interface - DEBUG - _calculate_impedances_for_current_chamber:1467 - get_impedance failed for ZQuadY: 'TlWall' object has no attribute 'get_impedance'
2025-12-14 18:41:04,646 - pytlwall_interface - DEBUG - _calculate_impedances_for_current_chamber:1467 - get_impedance failed for ZLongDSC: 'TlWall' object has no attribute 'get_impedance'
2025-12-14 18:41:04,646 - pytlwall_interface - DEBUG - _calculate_impedances_for_current_chamber:1467 - get_impedance failed for ZLongISC: 'TlWall' object has no attribute 'get_impedance'
2025-12-14 18:41:04,646 - pytlwall_interface - DEBUG - _calculate_impedances_for_current_chamber:1467 - get_impedance failed for ZTransDSC: 'TlWall' object has no attribute 'get_impedance'
2025-12-14 18:41:04,646 - pytlwall_interface - DEBUG - _calculate_impedances_for_current_chamber:1467 - get_impedance failed for ZTransISC: 'TlWall' object has no attribute 'get_impedance'
2025-12-14 18:41:04,646 - pytlwall_interface - DEBUG - _calculate_impedances_for_current_chamber:1467 - get_impedance failed for ZDipDSC: 'TlWall' object has no attribute 'get_impedance'
2025-12-14 18:41:04,646 - pytlwall_interface - DEBUG - _calculate_impedances_for_current_chamber:1467 - get_impedance failed for ZDipISC: 'TlWall' object has no attribute 'get_impedance'
2025-12-14 18:41:04,646 - pytlwall_interface - DEBUG - _calculate_impedances_for_current_chamber:1472 - Using fallback: get_all_impedances()
2025-12-14 18:41:04,652 - pytlwall_interface - DEBUG - _calculate_impedances_for_current_chamber:1480 - Calculated ZLong (fallback): shape=(1080,)
2025-12-14 18:41:04,652 - pytlwall_interface - DEBUG - _calculate_impedances_for_current_chamber:1480 - Calculated ZTrans (fallback): shape=(1080,)
2025-12-14 18:41:04,652 - pytlwall_interface - DEBUG - _calculate_impedances_for_current_chamber:1480 - Calculated ZDipX (fallback): shape=(1080,)
2025-12-14 18:41:04,652 - pytlwall_interface - DEBUG - _calculate_impedances_for_current_chamber:1480 - Calculated ZDipY (fallback): shape=(1080,)
2025-12-14 18:41:04,652 - pytlwall_interface - DEBUG - _calculate_impedances_for_current_chamber:1480 - Calculated ZQuadX (fallback): shape=(1080,)
2025-12-14 18:41:04,652 - pytlwall_interface - DEBUG - _calculate_impedances_for_current_chamber:1480 - Calculated ZQuadY (fallback): shape=(1080,)
2025-12-14 18:41:04,652 - pytlwall_interface - DEBUG - _calculate_impedances_for_current_chamber:1480 - Calculated ZLongDSC (fallback): shape=(1080,)
2025-12-14 18:41:04,652 - pytlwall_interface - DEBUG - _calculate_impedances_for_current_chamber:1480 - Calculated ZLongISC (fallback): shape=(1080,)
2025-12-14 18:41:04,652 - pytlwall_interface - DEBUG - _calculate_impedances_for_current_chamber:1480 - Calculated ZTransDSC (fallback): shape=(1080,)
2025-12-14 18:41:04,652 - pytlwall_interface - DEBUG - _calculate_impedances_for_current_chamber:1480 - Calculated ZTransISC (fallback): shape=(1080,)
2025-12-14 18:41:04,652 - pytlwall_interface - DEBUG - _calculate_impedances_for_current_chamber:1480 - Calculated ZDipDSC (fallback): shape=(1080,)
2025-12-14 18:41:04,652 - pytlwall_interface - DEBUG - _calculate_impedances_for_current_chamber:1480 - Calculated ZDipISC (fallback): shape=(1080,)
2025-12-14 18:41:04,653 - pytlwall_interface - INFO - _calculate_impedances_for_current_chamber:1491 - Successfully calculated 12 impedance(s) for Chamber 1
