2025-12-15 12:53:28,007 - pytlwall_interface - INFO - setup_interface_logging:177 - Log file: /home/tatij/CERN/pytlwall/pytlwall-master/pytlwall_gui/log/pytlwall_gui_20251215_125328.log
2025-12-15 12:53:28,007 - pytlwall_interface - INFO - setup_interface_logging:179 - pytlwall_interface logging initialized
2025-12-15 12:53:44,565 - pytlwall_interface - INFO - _calculate_impedances_for_current_chamber:1354 - Starting impedance calculation for current chamber
2025-12-15 12:53:44,565 - pytlwall_interface - DEBUG - _calculate_impedances_for_current_chamber:1360 - Chamber: Chamber 1, component: Chamber 1
2025-12-15 12:53:44,565 - pytlwall_interface - DEBUG - _calculate_impedances_for_current_chamber:1366 - Selected impedances: ['ZLong', 'ZTrans', 'ZDipX', 'ZDipY', 'ZQuadX', 'ZQuadY']
2025-12-15 12:53:44,565 - pytlwall_interface - DEBUG - _calculate_impedances_for_current_chamber:1380 - Frequency config: mode=range
2025-12-15 12:53:44,566 - pytlwall_interface - DEBUG - _calculate_impedances_for_current_chamber:1388 - Frequency range: 0.0 - 12.0 Hz, step=2.0
2025-12-15 12:53:44,566 - pytlwall_interface - DEBUG - _calculate_impedances_for_current_chamber:1403 - Beam: gamma=10000.0, test_beam_shift=0.01
2025-12-15 12:53:44,566 - pytlwall_interface - DEBUG - _calculate_impedances_for_current_chamber:1414 - Chamber: shape=RECTANGULAR, radius=0.0184m, length=1.0m
2025-12-15 12:53:44,566 - pytlwall_interface - DEBUG - _calculate_impedances_for_current_chamber:1438 - Layer 0: type=CW, thick=5e-07m, sigmaDC=1000000.0
2025-12-15 12:53:44,566 - pytlwall_interface - DEBUG - _calculate_impedances_for_current_chamber:1458 - Boundary layer: type=CW, sigmaDC=1000000000.0
2025-12-15 12:53:44,566 - pytlwall_interface - DEBUG - _calculate_impedances_for_current_chamber:1465 - Beta functions: betax=1.0, betay=1.0
2025-12-15 12:53:44,566 - pytlwall_interface - INFO - _calculate_impedances_for_current_chamber:1468 - Creating TlWall and calculating impedances...
2025-12-15 12:53:44,566 - pytlwall_interface - DEBUG - _calculate_impedances_for_current_chamber:1490 - get_impedance failed for ZLong: 'TlWall' object has no attribute 'get_impedance'
2025-12-15 12:53:44,566 - pytlwall_interface - DEBUG - _calculate_impedances_for_current_chamber:1490 - get_impedance failed for ZTrans: 'TlWall' object has no attribute 'get_impedance'
2025-12-15 12:53:44,566 - pytlwall_interface - DEBUG - _calculate_impedances_for_current_chamber:1490 - get_impedance failed for ZDipX: 'TlWall' object has no attribute 'get_impedance'
2025-12-15 12:53:44,567 - pytlwall_interface - DEBUG - _calculate_impedances_for_current_chamber:1490 - get_impedance failed for ZDipY: 'TlWall' object has no attribute 'get_impedance'
2025-12-15 12:53:44,567 - pytlwall_interface - DEBUG - _calculate_impedances_for_current_chamber:1490 - get_impedance failed for ZQuadX: 'TlWall' object has no attribute 'get_impedance'
2025-12-15 12:53:44,567 - pytlwall_interface - DEBUG - _calculate_impedances_for_current_chamber:1490 - get_impedance failed for ZQuadY: 'TlWall' object has no attribute 'get_impedance'
2025-12-15 12:53:44,567 - pytlwall_interface - DEBUG - _calculate_impedances_for_current_chamber:1495 - Using fallback: get_all_impedances()
2025-12-15 12:53:44,576 - pytlwall_interface - DEBUG - _calculate_impedances_for_current_chamber:1503 - Calculated ZLong (fallback): shape=(1080,)
2025-12-15 12:53:44,576 - pytlwall_interface - DEBUG - _calculate_impedances_for_current_chamber:1503 - Calculated ZTrans (fallback): shape=(1080,)
2025-12-15 12:53:44,576 - pytlwall_interface - DEBUG - _calculate_impedances_for_current_chamber:1503 - Calculated ZDipX (fallback): shape=(1080,)
2025-12-15 12:53:44,576 - pytlwall_interface - DEBUG - _calculate_impedances_for_current_chamber:1503 - Calculated ZDipY (fallback): shape=(1080,)
2025-12-15 12:53:44,576 - pytlwall_interface - DEBUG - _calculate_impedances_for_current_chamber:1503 - Calculated ZQuadX (fallback): shape=(1080,)
2025-12-15 12:53:44,576 - pytlwall_interface - DEBUG - _calculate_impedances_for_current_chamber:1503 - Calculated ZQuadY (fallback): shape=(1080,)
2025-12-15 12:53:44,577 - pytlwall_interface - INFO - _calculate_impedances_for_current_chamber:1514 - Successfully calculated 6 impedance(s) for Chamber 1
