2025-12-18 11:58:00,598 - pytlwall_interface - INFO - setup_interface_logging:177 - Log file: /home/tatij/CERN/pytlwall/pytlwall-master/pytlwall_gui/log/pytlwall_gui_20251218_115800.log
2025-12-18 11:58:00,598 - pytlwall_interface - INFO - setup_interface_logging:179 - pytlwall_interface logging initialized
2025-12-18 11:58:00,599 - pytlwall_interface - DEBUG - cleanup_old_logs:242 - Cleaned up 1 old log file(s)
2025-12-18 11:58:17,497 - pytlwall_interface - INFO - _on_load_accelerator:1553 - Starting Load Accelerator
2025-12-18 11:58:25,905 - pytlwall_interface - INFO - _on_load_accelerator:1615 - MultipleChamber loaded 211 elements
2025-12-18 11:58:25,905 - pytlwall_interface - INFO - _on_load_accelerator:1653 - Cleared all existing chambers
2025-12-18 11:58:25,992 - pytlwall_interface - INFO - _on_load_accelerator:1708 - Loaded 211 chamber(s) from accelerator data.
2025-12-18 11:58:42,954 - pytlwall_interface - DEBUG - _on_calculate_accelerator:1817 - Updated impedance_results for Chamber1: Oblong
2025-12-18 11:58:43,003 - pytlwall_interface - DEBUG - _on_calculate_accelerator:1817 - Updated impedance_results for Chamber2: Rectangular
2025-12-18 11:58:43,047 - pytlwall_interface - DEBUG - _on_calculate_accelerator:1817 - Updated impedance_results for Chamber3: Oblong
2025-12-18 11:58:43,084 - pytlwall_interface - DEBUG - _on_calculate_accelerator:1817 - Updated impedance_results for Chamber4: Round
2025-12-18 11:58:43,126 - pytlwall_interface - DEBUG - _on_calculate_accelerator:1817 - Updated impedance_results for Chamber5: Rectangular
2025-12-18 11:58:43,164 - pytlwall_interface - DEBUG - _on_calculate_accelerator:1817 - Updated impedance_results for Chamber6: Round
2025-12-18 11:58:43,203 - pytlwall_interface - DEBUG - _on_calculate_accelerator:1817 - Updated impedance_results for Chamber7: Diamond
2025-12-18 11:58:43,239 - pytlwall_interface - DEBUG - _on_calculate_accelerator:1817 - Updated impedance_results for Chamber8: Round
2025-12-18 11:58:43,277 - pytlwall_interface - DEBUG - _on_calculate_accelerator:1817 - Updated impedance_results for Chamber9: Diamond
2025-12-18 11:58:43,312 - pytlwall_interface - DEBUG - _on_calculate_accelerator:1817 - Updated impedance_results for Chamber10: Round
2025-12-18 11:58:43,348 - pytlwall_interface - DEBUG - _on_calculate_accelerator:1817 - Updated impedance_results for Chamber11: Diamond
2025-12-18 11:58:43,391 - pytlwall_interface - DEBUG - _on_calculate_accelerator:1817 - Updated impedance_results for Chamber12: Round
2025-12-18 11:58:43,434 - pytlwall_interface - DEBUG - _on_calculate_accelerator:1817 - Updated impedance_results for Chamber13: Rectangular
2025-12-18 11:58:43,468 - pytlwall_interface - DEBUG - _on_calculate_accelerator:1817 - Updated impedance_results for Chamber14: Round
2025-12-18 11:58:43,510 - pytlwall_interface - DEBUG - _on_calculate_accelerator:1817 - Updated impedance_results for Chamber15: Round
2025-12-18 11:58:43,550 - pytlwall_interface - DEBUG - _on_calculate_accelerator:1817 - Updated impedance_results for Chamber16: Round
2025-12-18 11:58:43,586 - pytlwall_interface - DEBUG - _on_calculate_accelerator:1817 - Updated impedance_results for Chamber17: Round
2025-12-18 11:58:43,624 - pytlwall_interface - DEBUG - _on_calculate_accelerator:1817 - Updated impedance_results for Chamber18: Round
2025-12-18 11:58:43,668 - pytlwall_interface - DEBUG - _on_calculate_accelerator:1817 - Updated impedance_results for Chamber19: Rectangular
2025-12-18 11:58:43,709 - pytlwall_interface - DEBUG - _on_calculate_accelerator:1817 - Updated impedance_results for Chamber20: Round
2025-12-18 11:58:43,748 - pytlwall_interface - DEBUG - _on_calculate_accelerator:1817 - Updated impedance_results for Chamber21: Diamond
2025-12-18 11:58:43,789 - pytlwall_interface - DEBUG - _on_calculate_accelerator:1817 - Updated impedance_results for Chamber22: Round
2025-12-18 11:58:43,827 - pytlwall_interface - DEBUG - _on_calculate_accelerator:1817 - Updated impedance_results for Chamber23: Diamond
2025-12-18 11:58:43,864 - pytlwall_interface - DEBUG - _on_calculate_accelerator:1817 - Updated impedance_results for Chamber24: Round
2025-12-18 11:58:43,900 - pytlwall_interface - DEBUG - _on_calculate_accelerator:1817 - Updated impedance_results for Chamber25: Diamond
2025-12-18 11:58:43,941 - pytlwall_interface - DEBUG - _on_calculate_accelerator:1817 - Updated impedance_results for Chamber26: Round
2025-12-18 11:58:43,980 - pytlwall_interface - DEBUG - _on_calculate_accelerator:1817 - Updated impedance_results for Chamber27: Rectangular
2025-12-18 11:58:44,018 - pytlwall_interface - DEBUG - _on_calculate_accelerator:1817 - Updated impedance_results for Chamber28: Rectangular
2025-12-18 11:58:44,052 - pytlwall_interface - DEBUG - _on_calculate_accelerator:1817 - Updated impedance_results for Chamber29: Round
2025-12-18 11:58:44,093 - pytlwall_interface - DEBUG - _on_calculate_accelerator:1817 - Updated impedance_results for Chamber30: Round
2025-12-18 11:58:44,134 - pytlwall_interface - DEBUG - _on_calculate_accelerator:1817 - Updated impedance_results for Chamber31: Round
2025-12-18 11:58:44,171 - pytlwall_interface - DEBUG - _on_calculate_accelerator:1817 - Updated impedance_results for Chamber32: Round
2025-12-18 11:58:44,207 - pytlwall_interface - DEBUG - _on_calculate_accelerator:1817 - Updated impedance_results for Chamber33: Round
2025-12-18 11:58:44,250 - pytlwall_interface - DEBUG - _on_calculate_accelerator:1817 - Updated impedance_results for Chamber34: Round
2025-12-18 11:58:44,288 - pytlwall_interface - DEBUG - _on_calculate_accelerator:1817 - Updated impedance_results for Chamber35: Round
2025-12-18 11:58:44,325 - pytlwall_interface - DEBUG - _on_calculate_accelerator:1817 - Updated impedance_results for Chamber36: Round
2025-12-18 11:58:44,365 - pytlwall_interface - DEBUG - _on_calculate_accelerator:1817 - Updated impedance_results for Chamber37: Rectangular
2025-12-18 11:58:44,406 - pytlwall_interface - DEBUG - _on_calculate_accelerator:1817 - Updated impedance_results for Chamber38: Round
2025-12-18 11:58:44,443 - pytlwall_interface - DEBUG - _on_calculate_accelerator:1817 - Updated impedance_results for Chamber39: Diamond
2025-12-18 11:58:44,481 - pytlwall_interface - DEBUG - _on_calculate_accelerator:1817 - Updated impedance_results for Chamber40: Round
2025-12-18 11:58:44,518 - pytlwall_interface - DEBUG - _on_calculate_accelerator:1817 - Updated impedance_results for Chamber41: Diamond
2025-12-18 11:58:44,558 - pytlwall_interface - DEBUG - _on_calculate_accelerator:1817 - Updated impedance_results for Chamber42: Round
2025-12-18 11:58:44,597 - pytlwall_interface - DEBUG - _on_calculate_accelerator:1817 - Updated impedance_results for Chamber43: Rectangular
2025-12-18 11:58:44,635 - pytlwall_interface - DEBUG - _on_calculate_accelerator:1817 - Updated impedance_results for Chamber44: Rectangular
2025-12-18 11:58:44,673 - pytlwall_interface - DEBUG - _on_calculate_accelerator:1817 - Updated impedance_results for Chamber45: Round
2025-12-18 11:58:44,715 - pytlwall_interface - DEBUG - _on_calculate_accelerator:1817 - Updated impedance_results for Chamber46: Round
2025-12-18 11:58:44,751 - pytlwall_interface - DEBUG - _on_calculate_accelerator:1817 - Updated impedance_results for Chamber47: Round
2025-12-18 11:58:44,794 - pytlwall_interface - DEBUG - _on_calculate_accelerator:1817 - Updated impedance_results for Chamber48: Rectangular
2025-12-18 11:58:44,833 - pytlwall_interface - DEBUG - _on_calculate_accelerator:1817 - Updated impedance_results for Chamber49: Round
2025-12-18 11:58:44,872 - pytlwall_interface - DEBUG - _on_calculate_accelerator:1817 - Updated impedance_results for Chamber50: Diamond
2025-12-18 11:58:44,912 - pytlwall_interface - DEBUG - _on_calculate_accelerator:1817 - Updated impedance_results for Chamber51: Round
2025-12-18 11:58:44,948 - pytlwall_interface - DEBUG - _on_calculate_accelerator:1817 - Updated impedance_results for Chamber52: Diamond
2025-12-18 11:58:44,988 - pytlwall_interface - DEBUG - _on_calculate_accelerator:1817 - Updated impedance_results for Chamber53: Round
2025-12-18 11:58:45,026 - pytlwall_interface - DEBUG - _on_calculate_accelerator:1817 - Updated impedance_results for Chamber54: Rectangular
2025-12-18 11:58:45,065 - pytlwall_interface - DEBUG - _on_calculate_accelerator:1817 - Updated impedance_results for Chamber55: Rectangular
2025-12-18 11:58:45,101 - pytlwall_interface - DEBUG - _on_calculate_accelerator:1817 - Updated impedance_results for Chamber56: Round
2025-12-18 11:58:45,142 - pytlwall_interface - DEBUG - _on_calculate_accelerator:1817 - Updated impedance_results for Chamber57: Round
2025-12-18 11:58:45,182 - pytlwall_interface - DEBUG - _on_calculate_accelerator:1817 - Updated impedance_results for Chamber58: Round
2025-12-18 11:58:45,221 - pytlwall_interface - DEBUG - _on_calculate_accelerator:1817 - Updated impedance_results for Chamber59: Rectangular
2025-12-18 11:58:45,261 - pytlwall_interface - DEBUG - _on_calculate_accelerator:1817 - Updated impedance_results for Chamber60: Round
2025-12-18 11:58:45,301 - pytlwall_interface - DEBUG - _on_calculate_accelerator:1817 - Updated impedance_results for Chamber61: Diamond
2025-12-18 11:58:45,338 - pytlwall_interface - DEBUG - _on_calculate_accelerator:1817 - Updated impedance_results for Chamber62: Round
2025-12-18 11:58:45,374 - pytlwall_interface - DEBUG - _on_calculate_accelerator:1817 - Updated impedance_results for Chamber63: Diamond
2025-12-18 11:58:45,416 - pytlwall_interface - DEBUG - _on_calculate_accelerator:1817 - Updated impedance_results for Chamber64: Round
2025-12-18 11:58:45,455 - pytlwall_interface - DEBUG - _on_calculate_accelerator:1817 - Updated impedance_results for Chamber65: Rectangular
2025-12-18 11:58:45,494 - pytlwall_interface - DEBUG - _on_calculate_accelerator:1817 - Updated impedance_results for Chamber66: Rectangular
2025-12-18 11:58:45,534 - pytlwall_interface - DEBUG - _on_calculate_accelerator:1817 - Updated impedance_results for Chamber67: Round
2025-12-18 11:58:45,574 - pytlwall_interface - DEBUG - _on_calculate_accelerator:1817 - Updated impedance_results for Chamber68: Round
2025-12-18 11:58:45,614 - pytlwall_interface - DEBUG - _on_calculate_accelerator:1817 - Updated impedance_results for Chamber69: Round
2025-12-18 11:58:45,656 - pytlwall_interface - DEBUG - _on_calculate_accelerator:1817 - Updated impedance_results for Chamber70: Rectangular
2025-12-18 11:58:45,693 - pytlwall_interface - DEBUG - _on_calculate_accelerator:1817 - Updated impedance_results for Chamber71: Round
2025-12-18 11:58:45,729 - pytlwall_interface - DEBUG - _on_calculate_accelerator:1817 - Updated impedance_results for Chamber72: Diamond
2025-12-18 11:58:45,766 - pytlwall_interface - DEBUG - _on_calculate_accelerator:1817 - Updated impedance_results for Chamber73: Round
2025-12-18 11:58:45,805 - pytlwall_interface - DEBUG - _on_calculate_accelerator:1817 - Updated impedance_results for Chamber74: Diamond
2025-12-18 11:58:45,843 - pytlwall_interface - DEBUG - _on_calculate_accelerator:1817 - Updated impedance_results for Chamber75: Round
2025-12-18 11:58:45,879 - pytlwall_interface - DEBUG - _on_calculate_accelerator:1817 - Updated impedance_results for Chamber76: Diamond
2025-12-18 11:58:45,916 - pytlwall_interface - DEBUG - _on_calculate_accelerator:1817 - Updated impedance_results for Chamber77: Round
2025-12-18 11:58:45,958 - pytlwall_interface - DEBUG - _on_calculate_accelerator:1817 - Updated impedance_results for Chamber78: Rectangular
2025-12-18 11:58:45,998 - pytlwall_interface - DEBUG - _on_calculate_accelerator:1817 - Updated impedance_results for Chamber79: Rectangular
2025-12-18 11:58:46,034 - pytlwall_interface - DEBUG - _on_calculate_accelerator:1817 - Updated impedance_results for Chamber80: Round
2025-12-18 11:58:46,068 - pytlwall_interface - DEBUG - _on_calculate_accelerator:1817 - Updated impedance_results for Chamber81: Round
2025-12-18 11:58:46,108 - pytlwall_interface - DEBUG - _on_calculate_accelerator:1817 - Updated impedance_results for Chamber82: Round
2025-12-18 11:58:46,145 - pytlwall_interface - DEBUG - _on_calculate_accelerator:1817 - Updated impedance_results for Chamber83: Round
2025-12-18 11:58:46,184 - pytlwall_interface - DEBUG - _on_calculate_accelerator:1817 - Updated impedance_results for Chamber84: Rectangular
2025-12-18 11:58:46,217 - pytlwall_interface - DEBUG - _on_calculate_accelerator:1817 - Updated impedance_results for Chamber85: Round
2025-12-18 11:58:46,252 - pytlwall_interface - DEBUG - _on_calculate_accelerator:1817 - Updated impedance_results for Chamber86: Diamond
2025-12-18 11:58:46,290 - pytlwall_interface - DEBUG - _on_calculate_accelerator:1817 - Updated impedance_results for Chamber87: Round
2025-12-18 11:58:46,328 - pytlwall_interface - DEBUG - _on_calculate_accelerator:1817 - Updated impedance_results for Chamber88: Diamond
2025-12-18 11:58:46,369 - pytlwall_interface - DEBUG - _on_calculate_accelerator:1817 - Updated impedance_results for Chamber89: Round
2025-12-18 11:58:46,408 - pytlwall_interface - DEBUG - _on_calculate_accelerator:1817 - Updated impedance_results for Chamber90: Diamond
2025-12-18 11:58:46,448 - pytlwall_interface - DEBUG - _on_calculate_accelerator:1817 - Updated impedance_results for Chamber91: Round
2025-12-18 11:58:46,487 - pytlwall_interface - DEBUG - _on_calculate_accelerator:1817 - Updated impedance_results for Chamber92: Rectangular
2025-12-18 11:58:46,527 - pytlwall_interface - DEBUG - _on_calculate_accelerator:1817 - Updated impedance_results for Chamber93: Rectangular
2025-12-18 11:58:46,566 - pytlwall_interface - DEBUG - _on_calculate_accelerator:1817 - Updated impedance_results for Chamber94: Round
2025-12-18 11:58:46,608 - pytlwall_interface - DEBUG - _on_calculate_accelerator:1817 - Updated impedance_results for Chamber95: Round
2025-12-18 11:58:46,646 - pytlwall_interface - DEBUG - _on_calculate_accelerator:1817 - Updated impedance_results for Chamber96: Round
2025-12-18 11:58:46,682 - pytlwall_interface - DEBUG - _on_calculate_accelerator:1817 - Updated impedance_results for Chamber97: Round
2025-12-18 11:58:46,723 - pytlwall_interface - DEBUG - _on_calculate_accelerator:1817 - Updated impedance_results for Chamber98: Round
2025-12-18 11:58:46,760 - pytlwall_interface - DEBUG - _on_calculate_accelerator:1817 - Updated impedance_results for Chamber99: Round
2025-12-18 11:58:46,797 - pytlwall_interface - DEBUG - _on_calculate_accelerator:1817 - Updated impedance_results for Chamber100: Round
2025-12-18 11:58:46,834 - pytlwall_interface - DEBUG - _on_calculate_accelerator:1817 - Updated impedance_results for Chamber101: Round
2025-12-18 11:58:46,875 - pytlwall_interface - DEBUG - _on_calculate_accelerator:1817 - Updated impedance_results for Chamber102: Round
2025-12-18 11:58:46,914 - pytlwall_interface - DEBUG - _on_calculate_accelerator:1817 - Updated impedance_results for Chamber103: Rectangular
2025-12-18 11:58:46,951 - pytlwall_interface - DEBUG - _on_calculate_accelerator:1817 - Updated impedance_results for Chamber104: Round
2025-12-18 11:58:46,984 - pytlwall_interface - DEBUG - _on_calculate_accelerator:1817 - Updated impedance_results for Chamber105: Diamond
2025-12-18 11:58:47,019 - pytlwall_interface - DEBUG - _on_calculate_accelerator:1817 - Updated impedance_results for Chamber106: Round
2025-12-18 11:58:47,058 - pytlwall_interface - DEBUG - _on_calculate_accelerator:1817 - Updated impedance_results for Chamber107: Diamond
2025-12-18 11:58:47,095 - pytlwall_interface - DEBUG - _on_calculate_accelerator:1817 - Updated impedance_results for Chamber108: Round
2025-12-18 11:58:47,135 - pytlwall_interface - DEBUG - _on_calculate_accelerator:1817 - Updated impedance_results for Chamber109: Diamond
2025-12-18 11:58:47,169 - pytlwall_interface - DEBUG - _on_calculate_accelerator:1817 - Updated impedance_results for Chamber110: Round
2025-12-18 11:58:47,211 - pytlwall_interface - DEBUG - _on_calculate_accelerator:1817 - Updated impedance_results for Chamber111: Rectangular
2025-12-18 11:58:47,252 - pytlwall_interface - DEBUG - _on_calculate_accelerator:1817 - Updated impedance_results for Chamber112: Rectangular
2025-12-18 11:58:47,289 - pytlwall_interface - DEBUG - _on_calculate_accelerator:1817 - Updated impedance_results for Chamber113: Round
2025-12-18 11:58:47,334 - pytlwall_interface - DEBUG - _on_calculate_accelerator:1817 - Updated impedance_results for Chamber114: Round
2025-12-18 11:58:47,372 - pytlwall_interface - DEBUG - _on_calculate_accelerator:1817 - Updated impedance_results for Chamber115: Round
2025-12-18 11:58:47,410 - pytlwall_interface - DEBUG - _on_calculate_accelerator:1817 - Updated impedance_results for Chamber116: Round
2025-12-18 11:58:47,453 - pytlwall_interface - DEBUG - _on_calculate_accelerator:1817 - Updated impedance_results for Chamber117: Rectangular
2025-12-18 11:58:47,493 - pytlwall_interface - DEBUG - _on_calculate_accelerator:1817 - Updated impedance_results for Chamber118: Round
2025-12-18 11:58:47,531 - pytlwall_interface - DEBUG - _on_calculate_accelerator:1817 - Updated impedance_results for Chamber119: Diamond
2025-12-18 11:58:47,570 - pytlwall_interface - DEBUG - _on_calculate_accelerator:1817 - Updated impedance_results for Chamber120: Round
2025-12-18 11:58:47,609 - pytlwall_interface - DEBUG - _on_calculate_accelerator:1817 - Updated impedance_results for Chamber121: Diamond
2025-12-18 11:58:47,649 - pytlwall_interface - DEBUG - _on_calculate_accelerator:1817 - Updated impedance_results for Chamber122: Round
2025-12-18 11:58:47,691 - pytlwall_interface - DEBUG - _on_calculate_accelerator:1817 - Updated impedance_results for Chamber123: Diamond
2025-12-18 11:58:47,728 - pytlwall_interface - DEBUG - _on_calculate_accelerator:1817 - Updated impedance_results for Chamber124: Round
2025-12-18 11:58:47,767 - pytlwall_interface - DEBUG - _on_calculate_accelerator:1817 - Updated impedance_results for Chamber125: Rectangular
2025-12-18 11:58:47,804 - pytlwall_interface - DEBUG - _on_calculate_accelerator:1817 - Updated impedance_results for Chamber126: Rectangular
2025-12-18 11:58:47,841 - pytlwall_interface - DEBUG - _on_calculate_accelerator:1817 - Updated impedance_results for Chamber127: Round
2025-12-18 11:58:47,877 - pytlwall_interface - DEBUG - _on_calculate_accelerator:1817 - Updated impedance_results for Chamber128: Round
2025-12-18 11:58:47,918 - pytlwall_interface - DEBUG - _on_calculate_accelerator:1817 - Updated impedance_results for Chamber129: Round
2025-12-18 11:58:47,957 - pytlwall_interface - DEBUG - _on_calculate_accelerator:1817 - Updated impedance_results for Chamber130: Rectangular
2025-12-18 11:58:48,000 - pytlwall_interface - DEBUG - _on_calculate_accelerator:1817 - Updated impedance_results for Chamber131: Round
2025-12-18 11:58:48,037 - pytlwall_interface - DEBUG - _on_calculate_accelerator:1817 - Updated impedance_results for Chamber132: Diamond
2025-12-18 11:58:48,075 - pytlwall_interface - DEBUG - _on_calculate_accelerator:1817 - Updated impedance_results for Chamber133: Round
2025-12-18 11:58:48,113 - pytlwall_interface - DEBUG - _on_calculate_accelerator:1817 - Updated impedance_results for Chamber134: Diamond
2025-12-18 11:58:48,155 - pytlwall_interface - DEBUG - _on_calculate_accelerator:1817 - Updated impedance_results for Chamber135: Round
2025-12-18 11:58:48,194 - pytlwall_interface - DEBUG - _on_calculate_accelerator:1817 - Updated impedance_results for Chamber136: Rectangular
2025-12-18 11:58:48,233 - pytlwall_interface - DEBUG - _on_calculate_accelerator:1817 - Updated impedance_results for Chamber137: Rectangular
2025-12-18 11:58:48,272 - pytlwall_interface - DEBUG - _on_calculate_accelerator:1817 - Updated impedance_results for Chamber138: Round
2025-12-18 11:58:48,310 - pytlwall_interface - DEBUG - _on_calculate_accelerator:1817 - Updated impedance_results for Chamber139: Round
2025-12-18 11:58:48,349 - pytlwall_interface - DEBUG - _on_calculate_accelerator:1817 - Updated impedance_results for Chamber140: Round
2025-12-18 11:58:48,389 - pytlwall_interface - DEBUG - _on_calculate_accelerator:1817 - Updated impedance_results for Chamber141: Round
2025-12-18 11:58:48,428 - pytlwall_interface - DEBUG - _on_calculate_accelerator:1817 - Updated impedance_results for Chamber142: Rectangular
2025-12-18 11:58:48,468 - pytlwall_interface - DEBUG - _on_calculate_accelerator:1817 - Updated impedance_results for Chamber143: Round
2025-12-18 11:58:48,506 - pytlwall_interface - DEBUG - _on_calculate_accelerator:1817 - Updated impedance_results for Chamber144: Diamond
2025-12-18 11:58:48,543 - pytlwall_interface - DEBUG - _on_calculate_accelerator:1817 - Updated impedance_results for Chamber145: Round
2025-12-18 11:58:48,584 - pytlwall_interface - DEBUG - _on_calculate_accelerator:1817 - Updated impedance_results for Chamber146: Diamond
2025-12-18 11:58:48,624 - pytlwall_interface - DEBUG - _on_calculate_accelerator:1817 - Updated impedance_results for Chamber147: Round
2025-12-18 11:58:48,664 - pytlwall_interface - DEBUG - _on_calculate_accelerator:1817 - Updated impedance_results for Chamber148: Diamond
2025-12-18 11:58:48,704 - pytlwall_interface - DEBUG - _on_calculate_accelerator:1817 - Updated impedance_results for Chamber149: Round
2025-12-18 11:58:48,745 - pytlwall_interface - DEBUG - _on_calculate_accelerator:1817 - Updated impedance_results for Chamber150: Rectangular
2025-12-18 11:58:48,787 - pytlwall_interface - DEBUG - _on_calculate_accelerator:1817 - Updated impedance_results for Chamber151: Rectangular
2025-12-18 11:58:48,825 - pytlwall_interface - DEBUG - _on_calculate_accelerator:1817 - Updated impedance_results for Chamber152: Round
2025-12-18 11:58:48,862 - pytlwall_interface - DEBUG - _on_calculate_accelerator:1817 - Updated impedance_results for Chamber153: Round
2025-12-18 11:58:48,902 - pytlwall_interface - DEBUG - _on_calculate_accelerator:1817 - Updated impedance_results for Chamber154: Round
2025-12-18 11:58:48,940 - pytlwall_interface - DEBUG - _on_calculate_accelerator:1817 - Updated impedance_results for Chamber155: Round
2025-12-18 11:58:48,982 - pytlwall_interface - DEBUG - _on_calculate_accelerator:1817 - Updated impedance_results for Chamber156: Rectangular
2025-12-18 11:58:49,020 - pytlwall_interface - DEBUG - _on_calculate_accelerator:1817 - Updated impedance_results for Chamber157: Round
2025-12-18 11:58:49,057 - pytlwall_interface - DEBUG - _on_calculate_accelerator:1817 - Updated impedance_results for Chamber158: Diamond
2025-12-18 11:58:49,093 - pytlwall_interface - DEBUG - _on_calculate_accelerator:1817 - Updated impedance_results for Chamber159: Round
2025-12-18 11:58:49,135 - pytlwall_interface - DEBUG - _on_calculate_accelerator:1817 - Updated impedance_results for Chamber160: Diamond
2025-12-18 11:58:49,172 - pytlwall_interface - DEBUG - _on_calculate_accelerator:1817 - Updated impedance_results for Chamber161: Round
2025-12-18 11:58:49,214 - pytlwall_interface - DEBUG - _on_calculate_accelerator:1817 - Updated impedance_results for Chamber162: Diamond
2025-12-18 11:58:49,251 - pytlwall_interface - DEBUG - _on_calculate_accelerator:1817 - Updated impedance_results for Chamber163: Round
2025-12-18 11:58:49,289 - pytlwall_interface - DEBUG - _on_calculate_accelerator:1817 - Updated impedance_results for Chamber164: Rectangular
2025-12-18 11:58:49,329 - pytlwall_interface - DEBUG - _on_calculate_accelerator:1817 - Updated impedance_results for Chamber165: Rectangular
2025-12-18 11:58:49,368 - pytlwall_interface - DEBUG - _on_calculate_accelerator:1817 - Updated impedance_results for Chamber166: Round
2025-12-18 11:58:49,404 - pytlwall_interface - DEBUG - _on_calculate_accelerator:1817 - Updated impedance_results for Chamber167: Round
2025-12-18 11:58:49,441 - pytlwall_interface - DEBUG - _on_calculate_accelerator:1817 - Updated impedance_results for Chamber168: Round
2025-12-18 11:58:49,479 - pytlwall_interface - DEBUG - _on_calculate_accelerator:1817 - Updated impedance_results for Chamber169: Rectangular
2025-12-18 11:58:49,516 - pytlwall_interface - DEBUG - _on_calculate_accelerator:1817 - Updated impedance_results for Chamber170: Round
2025-12-18 11:58:49,597 - pytlwall_interface - DEBUG - _on_calculate_accelerator:1817 - Updated impedance_results for Chamber171: Diamond
2025-12-18 11:58:49,638 - pytlwall_interface - DEBUG - _on_calculate_accelerator:1817 - Updated impedance_results for Chamber172: Round
2025-12-18 11:58:49,676 - pytlwall_interface - DEBUG - _on_calculate_accelerator:1817 - Updated impedance_results for Chamber173: Diamond
2025-12-18 11:58:49,716 - pytlwall_interface - DEBUG - _on_calculate_accelerator:1817 - Updated impedance_results for Chamber174: Round
2025-12-18 11:58:49,756 - pytlwall_interface - DEBUG - _on_calculate_accelerator:1817 - Updated impedance_results for Chamber175: Rectangular
2025-12-18 11:58:49,796 - pytlwall_interface - DEBUG - _on_calculate_accelerator:1817 - Updated impedance_results for Chamber176: Rectangular
2025-12-18 11:58:49,837 - pytlwall_interface - DEBUG - _on_calculate_accelerator:1817 - Updated impedance_results for Chamber177: Diamond
2025-12-18 11:58:49,877 - pytlwall_interface - DEBUG - _on_calculate_accelerator:1817 - Updated impedance_results for Chamber178: Oblong
2025-12-18 11:58:49,916 - pytlwall_interface - DEBUG - _on_calculate_accelerator:1817 - Updated impedance_results for Chamber179: Rectangular
2025-12-18 11:58:49,950 - pytlwall_interface - DEBUG - _on_calculate_accelerator:1817 - Updated impedance_results for Chamber180: Round
2025-12-18 11:58:49,987 - pytlwall_interface - DEBUG - _on_calculate_accelerator:1817 - Updated impedance_results for Chamber181: Diamond
2025-12-18 11:58:50,020 - pytlwall_interface - DEBUG - _on_calculate_accelerator:1817 - Updated impedance_results for Chamber182: Round
2025-12-18 11:58:50,060 - pytlwall_interface - DEBUG - _on_calculate_accelerator:1817 - Updated impedance_results for Chamber183: Diamond
2025-12-18 11:58:50,096 - pytlwall_interface - DEBUG - _on_calculate_accelerator:1817 - Updated impedance_results for Chamber184: Round
2025-12-18 11:58:50,134 - pytlwall_interface - DEBUG - _on_calculate_accelerator:1817 - Updated impedance_results for Chamber185: Diamond
2025-12-18 11:58:50,168 - pytlwall_interface - DEBUG - _on_calculate_accelerator:1817 - Updated impedance_results for Chamber186: Round
2025-12-18 11:58:50,207 - pytlwall_interface - DEBUG - _on_calculate_accelerator:1817 - Updated impedance_results for Chamber187: Rectangular
2025-12-18 11:58:50,249 - pytlwall_interface - DEBUG - _on_calculate_accelerator:1817 - Updated impedance_results for Chamber188: Rectangular
2025-12-18 11:58:50,289 - pytlwall_interface - DEBUG - _on_calculate_accelerator:1817 - Updated impedance_results for Chamber189: Diamond
2025-12-18 11:58:50,326 - pytlwall_interface - DEBUG - _on_calculate_accelerator:1817 - Updated impedance_results for Chamber190: Rectangular
2025-12-18 11:58:50,366 - pytlwall_interface - DEBUG - _on_calculate_accelerator:1817 - Updated impedance_results for Chamber191: Rectangular
2025-12-18 11:58:50,404 - pytlwall_interface - DEBUG - _on_calculate_accelerator:1817 - Updated impedance_results for Chamber192: Round
2025-12-18 11:58:50,442 - pytlwall_interface - DEBUG - _on_calculate_accelerator:1817 - Updated impedance_results for Chamber193: Diamond
2025-12-18 11:58:50,476 - pytlwall_interface - DEBUG - _on_calculate_accelerator:1817 - Updated impedance_results for Chamber194: Round
2025-12-18 11:58:50,509 - pytlwall_interface - DEBUG - _on_calculate_accelerator:1817 - Updated impedance_results for Chamber195: Diamond
2025-12-18 11:58:50,545 - pytlwall_interface - DEBUG - _on_calculate_accelerator:1817 - Updated impedance_results for Chamber196: Round
2025-12-18 11:58:50,587 - pytlwall_interface - DEBUG - _on_calculate_accelerator:1817 - Updated impedance_results for Chamber197: Rectangular
2025-12-18 11:58:50,628 - pytlwall_interface - DEBUG - _on_calculate_accelerator:1817 - Updated impedance_results for Chamber198: Rectangular
2025-12-18 11:58:50,661 - pytlwall_interface - DEBUG - _on_calculate_accelerator:1817 - Updated impedance_results for Chamber199: Round
2025-12-18 11:58:50,698 - pytlwall_interface - DEBUG - _on_calculate_accelerator:1817 - Updated impedance_results for Chamber200: Round
2025-12-18 11:58:50,737 - pytlwall_interface - DEBUG - _on_calculate_accelerator:1817 - Updated impedance_results for Chamber201: Round
2025-12-18 11:58:50,779 - pytlwall_interface - DEBUG - _on_calculate_accelerator:1817 - Updated impedance_results for Chamber202: Rectangular
2025-12-18 11:58:50,817 - pytlwall_interface - DEBUG - _on_calculate_accelerator:1817 - Updated impedance_results for Chamber203: Round
2025-12-18 11:58:50,853 - pytlwall_interface - DEBUG - _on_calculate_accelerator:1817 - Updated impedance_results for Chamber204: Diamond
2025-12-18 11:58:50,889 - pytlwall_interface - DEBUG - _on_calculate_accelerator:1817 - Updated impedance_results for Chamber205: Round
2025-12-18 11:58:50,926 - pytlwall_interface - DEBUG - _on_calculate_accelerator:1817 - Updated impedance_results for Chamber206: Diamond
2025-12-18 11:58:50,965 - pytlwall_interface - DEBUG - _on_calculate_accelerator:1817 - Updated impedance_results for Chamber207: Round
2025-12-18 11:58:51,003 - pytlwall_interface - DEBUG - _on_calculate_accelerator:1817 - Updated impedance_results for Chamber208: Diamond
2025-12-18 11:58:51,042 - pytlwall_interface - DEBUG - _on_calculate_accelerator:1817 - Updated impedance_results for Chamber209: Round
2025-12-18 11:58:51,081 - pytlwall_interface - DEBUG - _on_calculate_accelerator:1817 - Updated impedance_results for Chamber210: Rectangular
2025-12-18 11:58:51,118 - pytlwall_interface - DEBUG - _on_calculate_accelerator:1817 - Updated impedance_results for Chamber211: Round
2025-12-18 11:58:51,202 - pytlwall_interface - INFO - _create_total_chamber_from_complex:1928 - Created Total chamber with summed impedances (at top)
2025-12-18 11:58:51,203 - pytlwall_interface - INFO - _on_calculate_accelerator:1866 - Calculation complete: 211 successful

Results saved to:
/home/tatij/CERN/pytlwall/pytlwall-master/tests/multiple/output
