2025-12-17 21:11:31,143 - pytlwall_interface - INFO - setup_interface_logging:177 - Log file: /home/tatij/CERN/pytlwall/pytlwall-master/pytlwall_gui/log/pytlwall_gui_20251217_211131.log
2025-12-17 21:11:31,143 - pytlwall_interface - INFO - setup_interface_logging:179 - pytlwall_interface logging initialized
2025-12-17 21:11:31,143 - pytlwall_interface - DEBUG - cleanup_old_logs:242 - Cleaned up 1 old log file(s)
2025-12-17 21:12:08,797 - pytlwall_interface - INFO - _calculate_impedances_for_current_chamber:1356 - Starting impedance calculation for current chamber
2025-12-17 21:12:08,797 - pytlwall_interface - DEBUG - _calculate_impedances_for_current_chamber:1362 - Chamber: Chamber 1, component: Chamber 1
2025-12-17 21:12:08,798 - pytlwall_interface - DEBUG - _calculate_impedances_for_current_chamber:1375 - Selected impedances: ['ZLongTotal', 'ZTransTotal', 'ZLong', 'ZTrans', 'ZDipX', 'ZDipY', 'ZQuadX', 'ZQuadY', 'ZLongDSC', 'ZLongISC', 'ZTransDSC', 'ZTransISC', 'ZDipDSC', 'ZDipISC']
2025-12-17 21:12:08,798 - pytlwall_interface - DEBUG - _calculate_impedances_for_current_chamber:1389 - Frequency config: mode=range
2025-12-17 21:12:08,798 - pytlwall_interface - DEBUG - _calculate_impedances_for_current_chamber:1397 - Frequency range: 0.0 - 12.0 Hz, step=2.0
2025-12-17 21:12:08,798 - pytlwall_interface - DEBUG - _calculate_impedances_for_current_chamber:1412 - Beam: gamma=10000.0, test_beam_shift=0.01
2025-12-17 21:12:08,798 - pytlwall_interface - DEBUG - _calculate_impedances_for_current_chamber:1423 - Chamber: shape=CIRCULAR, radius=0.0184m, length=1.0m
2025-12-17 21:12:08,799 - pytlwall_interface - DEBUG - _calculate_impedances_for_current_chamber:1447 - Layer 0: type=CW, thick=5e-07m, sigmaDC=1000000.0
2025-12-17 21:12:08,799 - pytlwall_interface - DEBUG - _calculate_impedances_for_current_chamber:1467 - Boundary layer: type=CW, sigmaDC=1000000000.0
2025-12-17 21:12:08,799 - pytlwall_interface - DEBUG - _calculate_impedances_for_current_chamber:1474 - Beta functions: betax=1.0, betay=1.0
2025-12-17 21:12:08,799 - pytlwall_interface - INFO - _calculate_impedances_for_current_chamber:1477 - Creating TlWall and calculating impedances...
2025-12-17 21:12:08,799 - pytlwall_interface - DEBUG - _calculate_impedances_for_current_chamber:1499 - get_impedance failed for ZLongTotal: 'TlWall' object has no attribute 'get_impedance'
2025-12-17 21:12:08,799 - pytlwall_interface - DEBUG - _calculate_impedances_for_current_chamber:1499 - get_impedance failed for ZTransTotal: 'TlWall' object has no attribute 'get_impedance'
2025-12-17 21:12:08,799 - pytlwall_interface - DEBUG - _calculate_impedances_for_current_chamber:1499 - get_impedance failed for ZLong: 'TlWall' object has no attribute 'get_impedance'
2025-12-17 21:12:08,800 - pytlwall_interface - DEBUG - _calculate_impedances_for_current_chamber:1499 - get_impedance failed for ZTrans: 'TlWall' object has no attribute 'get_impedance'
2025-12-17 21:12:08,800 - pytlwall_interface - DEBUG - _calculate_impedances_for_current_chamber:1499 - get_impedance failed for ZDipX: 'TlWall' object has no attribute 'get_impedance'
2025-12-17 21:12:08,800 - pytlwall_interface - DEBUG - _calculate_impedances_for_current_chamber:1499 - get_impedance failed for ZDipY: 'TlWall' object has no attribute 'get_impedance'
2025-12-17 21:12:08,800 - pytlwall_interface - DEBUG - _calculate_impedances_for_current_chamber:1499 - get_impedance failed for ZQuadX: 'TlWall' object has no attribute 'get_impedance'
2025-12-17 21:12:08,800 - pytlwall_interface - DEBUG - _calculate_impedances_for_current_chamber:1499 - get_impedance failed for ZQuadY: 'TlWall' object has no attribute 'get_impedance'
2025-12-17 21:12:08,800 - pytlwall_interface - DEBUG - _calculate_impedances_for_current_chamber:1499 - get_impedance failed for ZLongDSC: 'TlWall' object has no attribute 'get_impedance'
2025-12-17 21:12:08,800 - pytlwall_interface - DEBUG - _calculate_impedances_for_current_chamber:1499 - get_impedance failed for ZLongISC: 'TlWall' object has no attribute 'get_impedance'
2025-12-17 21:12:08,800 - pytlwall_interface - DEBUG - _calculate_impedances_for_current_chamber:1499 - get_impedance failed for ZTransDSC: 'TlWall' object has no attribute 'get_impedance'
2025-12-17 21:12:08,800 - pytlwall_interface - DEBUG - _calculate_impedances_for_current_chamber:1499 - get_impedance failed for ZTransISC: 'TlWall' object has no attribute 'get_impedance'
2025-12-17 21:12:08,800 - pytlwall_interface - DEBUG - _calculate_impedances_for_current_chamber:1499 - get_impedance failed for ZDipDSC: 'TlWall' object has no attribute 'get_impedance'
2025-12-17 21:12:08,800 - pytlwall_interface - DEBUG - _calculate_impedances_for_current_chamber:1499 - get_impedance failed for ZDipISC: 'TlWall' object has no attribute 'get_impedance'
2025-12-17 21:12:08,800 - pytlwall_interface - DEBUG - _calculate_impedances_for_current_chamber:1504 - Using fallback: get_all_impedances()
2025-12-17 21:12:08,808 - pytlwall_interface - DEBUG - _calculate_impedances_for_current_chamber:1512 - Calculated ZLongTotal (fallback): shape=(1080,)
2025-12-17 21:12:08,808 - pytlwall_interface - DEBUG - _calculate_impedances_for_current_chamber:1512 - Calculated ZTransTotal (fallback): shape=(1080,)
2025-12-17 21:12:08,808 - pytlwall_interface - DEBUG - _calculate_impedances_for_current_chamber:1512 - Calculated ZLong (fallback): shape=(1080,)
2025-12-17 21:12:08,808 - pytlwall_interface - DEBUG - _calculate_impedances_for_current_chamber:1512 - Calculated ZTrans (fallback): shape=(1080,)
2025-12-17 21:12:08,808 - pytlwall_interface - DEBUG - _calculate_impedances_for_current_chamber:1512 - Calculated ZDipX (fallback): shape=(1080,)
2025-12-17 21:12:08,808 - pytlwall_interface - DEBUG - _calculate_impedances_for_current_chamber:1512 - Calculated ZDipY (fallback): shape=(1080,)
2025-12-17 21:12:08,808 - pytlwall_interface - DEBUG - _calculate_impedances_for_current_chamber:1512 - Calculated ZQuadX (fallback): shape=(1080,)
2025-12-17 21:12:08,808 - pytlwall_interface - DEBUG - _calculate_impedances_for_current_chamber:1512 - Calculated ZQuadY (fallback): shape=(1080,)
2025-12-17 21:12:08,808 - pytlwall_interface - DEBUG - _calculate_impedances_for_current_chamber:1512 - Calculated ZLongDSC (fallback): shape=(1080,)
2025-12-17 21:12:08,808 - pytlwall_interface - DEBUG - _calculate_impedances_for_current_chamber:1512 - Calculated ZLongISC (fallback): shape=(1080,)
2025-12-17 21:12:08,808 - pytlwall_interface - DEBUG - _calculate_impedances_for_current_chamber:1512 - Calculated ZTransDSC (fallback): shape=(1080,)
2025-12-17 21:12:08,808 - pytlwall_interface - DEBUG - _calculate_impedances_for_current_chamber:1512 - Calculated ZTransISC (fallback): shape=(1080,)
2025-12-17 21:12:08,808 - pytlwall_interface - DEBUG - _calculate_impedances_for_current_chamber:1512 - Calculated ZDipDSC (fallback): shape=(1080,)
2025-12-17 21:12:08,809 - pytlwall_interface - DEBUG - _calculate_impedances_for_current_chamber:1512 - Calculated ZDipISC (fallback): shape=(1080,)
2025-12-17 21:12:08,810 - pytlwall_interface - INFO - _calculate_impedances_for_current_chamber:1523 - Successfully calculated 14 impedance(s) for Chamber 1
